
ASEM-51 V1.3                                         Copyright (c) 2002 by W.W. Heinz                                         PAGE 1





       MCS-51 Family Macro Assembler   A S E M - 5 1   V 1.3
       =====================================================



	Source File:	C:\Microcontroller project\SingleUtilities\convertToDecimal_virtual_Port\printDecimal.asm
	Object File:	C:\Microcontroller project\SingleUtilities\convertToDecimal_virtual_Port\printDecimal.hex
	List File:	C:\Microcontroller project\SingleUtilities\convertToDecimal_virtual_Port\printDecimal.lst



 Line  I  Addr  Code            Source

    1:		N      0000	ORG 0
    2:
    3:	  0000	75 89 20	MOV TMOD, #20H	; or 00100000B => Mode 2 for Timer1 (8bit Auto Reload)
    4:	  0003	75 8D FD	MOV TH1, #0FDH	;Setting BaudRate of 9600 (-3). SMOD is 0 by default
    5:	  0006	75 98 50	MOV SCON, #50H	;Serial Mode 1, REN Enabled or 01010000B
    6:	  0009	D2 8E		SETB TR1
    7:
    8:	  000B	74 FA		MOV A, #250D
    9:	  000D	7F 00		MOV R7, #0D
   10:	  000F			PrintDEC:
   11:	  000F	0F			INC R7
   12:	  0010	75 F0 0A		MOV B, #10D
   13:	  0013	84			DIV AB ;the quotient is stored in the accumulator and the remainder is stored in the B regis
				ter
   14:	  0014	C0 F0			PUSH B
   15:	  0016	B4 00 F6		CJNE A, #0D, PrintDEC ;the first two operands and branches to the specified destination if t
				heir values are not equal
   16:
   17:	  0019	D0 06		print:	POP 06H	;POP to 06H which is R6
   18:	  001B	EE			MOV A, R6
   19:	  001C	24 30			ADD A, #'0'
   20:	  001E	F5 99			MOV SBUF, A
   21:	  0020	30 99 FD		JNB TI, $
   22:	  0023	C2 99			CLR TI
   23:	  0025	11 2D			ACALL DELAY
   24:	  0027	DF F0			DJNZ R7, print	;decrements the byte indicated by the first operand and, if the resulting va
				lue is not zero, branches to the address specified in the second operand.
   25:	  0029	02 00 36		JMP close
   26:
   27:	  002C	22		RET
   28:
   29:	  002D			DELAY:
   30:	  002D	78 FF		    	MOV R0, #255 ;DELAY. HIGHER VALUE FOR FASTER CPUS
   31:	  002F	79 FF		Y:	MOV R1, #255
   32:	  0031	D9 FE			DJNZ R1, $
   33:	  0033	D8 FA			DJNZ R0, Y
   34:	  0035	22		RET
   35:	  0036			close:
   36:					END





ASEM-51 V1.3                                         Copyright (c) 2002 by W.W. Heinz                                         PAGE 2




                     register banks used:  ---

                     no errors




ASEM-51 V1.3                                         Copyright (c) 2002 by W.W. Heinz                                         PAGE 3





	       L I S T   O F   S Y M B O L S
	       =============================


SYMBOL				  TYPE     VALUE	LINE
------------------------------------------------------------
??ASEM_51			  NUMBER    8051
??VERSION			  NUMBER    0130
AC				  BIT	      D6
ACC				  DATA	      E0
B				  DATA	      F0
CLOSE				  CODE	    0036	  35
CY				  BIT	      D7
DELAY				  CODE	    002D	  29
DPH				  DATA	      83
DPL				  DATA	      82
EA				  BIT	      AF
ES				  BIT	      AC
ET0				  BIT	      A9
ET1				  BIT	      AB
EX0				  BIT	      A8
EX1				  BIT	      AA
EXTI0				  CODE	    0003
EXTI1				  CODE	    0013
F0				  BIT	      D5
IE				  DATA	      A8
IE0				  BIT	      89
IE1				  BIT	      8B
INT0				  BIT	      B2
INT1				  BIT	      B3
IP				  DATA	      B8
IT0				  BIT	      88
IT1				  BIT	      8A
OV				  BIT	      D2
P				  BIT	      D0
P0				  DATA	      80
P1				  DATA	      90
P2				  DATA	      A0
P3				  DATA	      B0
PCON				  DATA	      87
PRINT				  CODE	    0019	  17
PRINTDEC			  CODE	    000F	  10
PS				  BIT	      BC
PSW				  DATA	      D0
PT0				  BIT	      B9
PT1				  BIT	      BB
PX0				  BIT	      B8
PX1				  BIT	      BA
RB8				  BIT	      9A
RD				  BIT	      B7
REN				  BIT	      9C
RESET				  CODE	    0000
RI				  BIT	      98
RS0				  BIT	      D3
RS1				  BIT	      D4
RXD				  BIT	      B0

ASEM-51 V1.3                                         Copyright (c) 2002 by W.W. Heinz                                         PAGE 4



SYMBOL				  TYPE     VALUE	LINE
------------------------------------------------------------
SBUF				  DATA	      99
SCON				  DATA	      98
SINT				  CODE	    0023
SM0				  BIT	      9F
SM1				  BIT	      9E
SM2				  BIT	      9D
SP				  DATA	      81
T0				  BIT	      B4
T1				  BIT	      B5
TB8				  BIT	      9B
TCON				  DATA	      88
TF0				  BIT	      8D
TF1				  BIT	      8F
TH0				  DATA	      8C
TH1				  DATA	      8D
TI				  BIT	      99
TIMER0				  CODE	    000B
TIMER1				  CODE	    001B
TL0				  DATA	      8A
TL1				  DATA	      8B
TMOD				  DATA	      89
TR0				  BIT	      8C
TR1				  BIT	      8E
TXD				  BIT	      B1
WR				  BIT	      B6
Y				  CODE	    002F	  31
