
ASEM-51 V1.3                                         Copyright (c) 2002 by W.W. Heinz                                         PAGE 1





       MCS-51 Family Macro Assembler   A S E M - 5 1   V 1.3
       =====================================================



	Source File:	C:\Microcontroller project\microprocessor\SingleUtilities\subroutines\divide32.asm
	Object File:	C:\Microcontroller project\microprocessor\SingleUtilities\subroutines\divide32.hex
	List File:	C:\Microcontroller project\microprocessor\SingleUtilities\subroutines\divide32.lst



 Line  I  Addr  Code            Source

    1:	  0000	7B 00		MOV R3, #0H
    2:	  0002	7A 00		MOV R2, #0H
    3:	  0004	79 53		MOV R1, #53H
    4:	  0006	78 B9		MOV R0, #0B9H
    5:
    6:	  0008	7D 24		MOV R5, #24H
    7:	  000A	7C 00		MOV R4, #0H
    8:	  000C	11 0E		ACALL UDIV32
    9:
   10:				;Subroutine UDIV32
   11:				;32-Bit / 16-Bit to 32-Bit Quotient & Remainder Unsigned Divide
   12:				;input: r3, r2, rl, r0 = Dividend X
   13:				;r5, r4 = Divisor Y
   14:				;output: r3, r2, rl1, r0 = quotient Q of division Q = X/ Y
   15:				;r7, r6, r5, r4 = remainder
   16:				;alters: acC, Tlags
   17:
   18:	  000E	C0 08		UDIV32: push 08 ;Save Register Bank 1
   19:	  0010	C0 09			push 09
   20:	  0012	C0 0A			push 0AH
   21:	  0014	C0 0B			push 0BH
   22:	  0016	C0 0C			push 0CH
   23:	  0018	C0 0D			push 0DH
   24:	  001A	C0 0E			push 0EH
   25:	  001C	C0 0F			push 0FH
   26:	  001E	C0 82			push dpl
   27:	  0020	C0 83			push dph
   28:	  0022	C0 F0			push B
   29:	  0024	D2 D3			setb RS0 ;Select Register Bank 1
   30:	  0026	7F 00			mov r7, #0 ;clear partial remainder
   31:	  0028	7E 00			mov r6, #0
   32:	  002A	7D 00			mov r5, #0
   33:	  002C	7C 00			mov r4, #0
   34:	  002E	75 F0 20		mov B, #32 ;Set loop coutt
   35:	  0031	C2 D3		div_lp32: clr RS0 ;Select Register Bank
   36:	  0033	C3			clr C ;clear carry flag
   37:	  0034	E8			mov a, r0 ;shift the highest bit of the
   38:	  0035	33			rlc a ;dividend into...
   39:	  0036	F8			mov r0, a
   40:	  0037	E9			mov a, r1
   41:	  0038	33			rlc a
   42:	  0039	F9			mov r1, a
   43:	  003A	EA			mov a, r2

ASEM-51 V1.3                                         Copyright (c) 2002 by W.W. Heinz                                         PAGE 2



 Line  I  Addr  Code            Source

   44:	  003B	33			rlc a
   45:	  003C	FA			mov r2, a
   46:	  003D	EB			mov a, r3
   47:	  003E	33			rlc a
   48:	  003F	FB			mov r3,a
   49:	  0040	D2 D3			setb RS0 ;Select Register Bank 1
   50:	  0042	EC			mov a, r4;...the lowest bit of the
   51:	  0043	33			rlc a; partial remainder
   52:	  0044	FC			mov r4, a
   53:	  0045	ED			mov a, r5
   54:	  0046	33			rlc a
   55:	  0047	FD			mov r5, a
   56:	  0048	EE			mov a, r6
   57:	  0049	33			rlc a
   58:	  004A	FE			mov r6, a
   59:	  004B	EF			mov a, r7
   60:	  004C	33			rlc a
   61:	  004D	FF			mov r7, a
   62:	  004E	EC			mov a, r4;trial subt ract divisor from
   63:	  004F	C3			clr C;partial remainder
   64:	  0050	95 04			subb a, 04
   65:	  0052	F5 82			mov dpl, a
   66:	  0054	ED			mov a, r5
   67:	  0055	95 05			subb a, 05
   68:	  0057	F5 83			mov dph, a
   69:	  0059	EE			mov a, r6
   70:	  005A	94 00			subb a, #0
   71:	  005C	F5 06			mov 06, a
   72:	  005E	EF			mov a, r7
   73:	  005F	94 00			subb a, #0
   74:	  0061	F5 07			mov 07, a
   75:	  0063	B3			cpl C;Complement external borrow
   76:	  0064	50 08			jnc div_321;update partial remainder if borrow
   77:	  0066	AF 07			mov r7, 07;update partial remainder
   78:	  0068	AE 06			mov r6, 06
   79:	  006A	AD 83			mov r5, dph
   80:	  006C	AC 82			mov r4, dpl
   81:	  006E	E8		div_321: mov a, r0;shift result bit into partial
   82:	  006F	33			rlc a;quotient
   83:	  0070	F8			mov r0, a
   84:	  0071	E9			mov a, r1
   85:	  0072	33			rlc a
   86:	  0073	F9			mov r1, a
   87:	  0074	EA			mov a, r2
   88:	  0075	33			rlc a
   89:	  0076	FA			mov r2, a
   90:	  0077	EB			mov a, r3
   91:	  0078	33			rlc a
   92:	  0079	FB			mov r3,a
   93:	  007A	D5 F0 B4		djnz B, div_lp32
   94:	  007D	8F 07			mov 07, r7;put remainder, saved before the
   95:	  007F	8E 06			mov 06,r6;last subt raction, in bank 0
   96:	  0081	8D 05			mov 05, r5
   97:	  0083	8C 04			mov 04, r4
   98:	  0085	8B 03			mov 03, r3;put quotient in bank 0
   99:	  0087	8A 02			mov 02, r2

ASEM-51 V1.3                                         Copyright (c) 2002 by W.W. Heinz                                         PAGE 3



 Line  I  Addr  Code            Source

  100:	  0089	89 01			mov 01, r1
  101:	  008B	88 00			mov 00, r0
  102:	  008D	C2 D3			clr RS0
  103:	  008F	D0 F0			pop B
  104:	  0091	D0 83			pop dph
  105:	  0093	D0 82			pop dpl
  106:	  0095	D0 0F			pop 0FH;Retrieve Register Bank 1
  107:	  0097	D0 0E			pop 0EH
  108:	  0099	D0 0D			pop 0DH
  109:	  009B	D0 0C			pop 0CH
  110:	  009D	D0 0B			pop 0BH
  111:	  009F	D0 0A			pop 0AH
  112:	  00A1	D0 09			pop 09
  113:	  00A3	D0 08			pop 08
  114:	  00A5	22			RET
  115:				END





                     register banks used:  ---

                     no errors




ASEM-51 V1.3                                         Copyright (c) 2002 by W.W. Heinz                                         PAGE 4





	       L I S T   O F   S Y M B O L S
	       =============================


SYMBOL				  TYPE     VALUE	LINE
------------------------------------------------------------
??ASEM_51			  NUMBER    8051
??VERSION			  NUMBER    0130
AC				  BIT	      D6
ACC				  DATA	      E0
B				  DATA	      F0
CY				  BIT	      D7
DIV_321				  CODE	    006E	  81
DIV_LP32			  CODE	    0031	  35
DPH				  DATA	      83
DPL				  DATA	      82
EA				  BIT	      AF
ES				  BIT	      AC
ET0				  BIT	      A9
ET1				  BIT	      AB
EX0				  BIT	      A8
EX1				  BIT	      AA
EXTI0				  CODE	    0003
EXTI1				  CODE	    0013
F0				  BIT	      D5
IE				  DATA	      A8
IE0				  BIT	      89
IE1				  BIT	      8B
INT0				  BIT	      B2
INT1				  BIT	      B3
IP				  DATA	      B8
IT0				  BIT	      88
IT1				  BIT	      8A
OV				  BIT	      D2
P				  BIT	      D0
P0				  DATA	      80
P1				  DATA	      90
P2				  DATA	      A0
P3				  DATA	      B0
PCON				  DATA	      87
PS				  BIT	      BC
PSW				  DATA	      D0
PT0				  BIT	      B9
PT1				  BIT	      BB
PX0				  BIT	      B8
PX1				  BIT	      BA
RB8				  BIT	      9A
RD				  BIT	      B7
REN				  BIT	      9C
RESET				  CODE	    0000
RI				  BIT	      98
RS0				  BIT	      D3
RS1				  BIT	      D4
RXD				  BIT	      B0
SBUF				  DATA	      99
SCON				  DATA	      98

ASEM-51 V1.3                                         Copyright (c) 2002 by W.W. Heinz                                         PAGE 5



SYMBOL				  TYPE     VALUE	LINE
------------------------------------------------------------
SINT				  CODE	    0023
SM0				  BIT	      9F
SM1				  BIT	      9E
SM2				  BIT	      9D
SP				  DATA	      81
T0				  BIT	      B4
T1				  BIT	      B5
TB8				  BIT	      9B
TCON				  DATA	      88
TF0				  BIT	      8D
TF1				  BIT	      8F
TH0				  DATA	      8C
TH1				  DATA	      8D
TI				  BIT	      99
TIMER0				  CODE	    000B
TIMER1				  CODE	    001B
TL0				  DATA	      8A
TL1				  DATA	      8B
TMOD				  DATA	      89
TR0				  BIT	      8C
TR1				  BIT	      8E
TXD				  BIT	      B1
UDIV32				  CODE	    000E	  18
WR				  BIT	      B6
