
ASEM-51 V1.3                                         Copyright (c) 2002 by W.W. Heinz                                         PAGE 1





       MCS-51 Family Macro Assembler   A S E M - 5 1   V 1.3
       =====================================================



	Source File:	C:\Microcontroller project\ultrasonic sensor\code\ultrasonic.asm
	Object File:	C:\Microcontroller project\ultrasonic sensor\code\ultrasonic.hex
	List File:	C:\Microcontroller project\ultrasonic sensor\code\ultrasonic.lst



 Line  I  Addr  Code            Source

    1:		N      0000	ORG 0
    2:
    3:	  0000	75 90 00	MOV P1,#00000000B      ; sets P1 as output port
    4:	  0003	75 80 00	MOV P0,#00000000B      ; sets P0 as output port
    5:	  0006	C2 A0		CLR P2.0               ; sets P2.0 as output for sending trigger
    6:	  0008	D2 A1		SETB P2.1              ; sets P2.1 as input for receiving echo
    7:	  000A	75 89 20	MOV TMOD,#00100000B    ; sets timer1 as mode 2 auto reload timer
    8:	  000D	75 8B CF	MAIN: MOV TL1,#207D    ; loads the initial value to start counting from
    9:	  0010	75 8D CF	      MOV TH1,#207D    ; loads the reload value
   10:	  0013	74 00		      MOV A,#00000000B ; clears accumulator
   11:	  0015	D2 A0		      SETB P2.0        ; starts the trigger pulse
   12:	  0017	11 30		      ACALL DELAY1     ; gives 10uS width for the trigger pulse
   13:	  0019	C2 A0		      CLR P2.0         ; ends the trigger pulse
   14:	  001B	30 A1 FD	HERE: JNB P2.1,HERE    ; loops here until echo is received
   15:	  001E	D2 8E		BACK: SETB TR1         ; starts the timer1
   16:	  0020	30 8F FD	HERE1: JNB TF1,HERE1   ; loops here until timer overflows (ie;48 count)
   17:	  0023	C2 8E		      CLR TR1          ; stops the timer
   18:	  0025	C2 8F		      CLR TF1          ; clears timer flag 1
   19:	  0027	04		      INC A            ; increments A for every timer1 overflow
   20:	  0028	20 A1 F3	      JB P2.1,BACK     ; jumps to BACK if echo is still available
   21:	  002B	FC		      MOV R4,A         ; saves the value of A to R4
   22:	  002C	11 35		      ACALL DLOOP      ; calls the display loop
   23:	  002E	80 DD		      SJMP MAIN        ; jumps to MAIN loop
   24:
   25:	  0030	7E 02		DELAY1: MOV R6,#2D     ; 10uS delay
   26:	  0032	DE FE		LABEL1: DJNZ R6,LABEL1
   27:	  0034	22		        RET
   28:
   29:	  0035			DLOOP:
   30:	  0035	75 89 20		MOV TMOD, #20H	; or 00100000B => Mode 2 for Timer1 (8bit Auto Reload)
   31:	  0038	75 8D FD		MOV TH1, #0FDH	;Setting BaudRate of 9600 (-3). SMOD is 0 by default
   32:	  003B	75 98 50		MOV SCON, #50H	;Serial Mode 1, REN Enabled or 01010000B
   33:	  003E	D2 8E			SETB TR1
   34:	  0040	F5 99		AGAIN:	MOV SBUF, A
   35:	  0042	30 99 FD		JNB TI, $
   36:	  0045	C2 99			CLR TI
   37:	  0047	80 C4			SJMP MAIN
   38:				END






ASEM-51 V1.3                                         Copyright (c) 2002 by W.W. Heinz                                         PAGE 2



                     register banks used:  ---

                     no errors




ASEM-51 V1.3                                         Copyright (c) 2002 by W.W. Heinz                                         PAGE 3





	       L I S T   O F   S Y M B O L S
	       =============================


SYMBOL				  TYPE     VALUE	LINE
------------------------------------------------------------
??ASEM_51			  NUMBER    8051
??VERSION			  NUMBER    0130
AC				  BIT	      D6
ACC				  DATA	      E0
AGAIN				  CODE	    0040	  34
B				  DATA	      F0
BACK				  CODE	    001E	  15
CY				  BIT	      D7
DELAY1				  CODE	    0030	  25
DLOOP				  CODE	    0035	  29
DPH				  DATA	      83
DPL				  DATA	      82
EA				  BIT	      AF
ES				  BIT	      AC
ET0				  BIT	      A9
ET1				  BIT	      AB
EX0				  BIT	      A8
EX1				  BIT	      AA
EXTI0				  CODE	    0003
EXTI1				  CODE	    0013
F0				  BIT	      D5
HERE				  CODE	    001B	  14
HERE1				  CODE	    0020	  16
IE				  DATA	      A8
IE0				  BIT	      89
IE1				  BIT	      8B
INT0				  BIT	      B2
INT1				  BIT	      B3
IP				  DATA	      B8
IT0				  BIT	      88
IT1				  BIT	      8A
LABEL1				  CODE	    0032	  26
MAIN				  CODE	    000D	   8
OV				  BIT	      D2
P				  BIT	      D0
P0				  DATA	      80
P1				  DATA	      90
P2				  DATA	      A0
P3				  DATA	      B0
PCON				  DATA	      87
PS				  BIT	      BC
PSW				  DATA	      D0
PT0				  BIT	      B9
PT1				  BIT	      BB
PX0				  BIT	      B8
PX1				  BIT	      BA
RB8				  BIT	      9A
RD				  BIT	      B7
REN				  BIT	      9C
RESET				  CODE	    0000

ASEM-51 V1.3                                         Copyright (c) 2002 by W.W. Heinz                                         PAGE 4



SYMBOL				  TYPE     VALUE	LINE
------------------------------------------------------------
RI				  BIT	      98
RS0				  BIT	      D3
RS1				  BIT	      D4
RXD				  BIT	      B0
SBUF				  DATA	      99
SCON				  DATA	      98
SINT				  CODE	    0023
SM0				  BIT	      9F
SM1				  BIT	      9E
SM2				  BIT	      9D
SP				  DATA	      81
T0				  BIT	      B4
T1				  BIT	      B5
TB8				  BIT	      9B
TCON				  DATA	      88
TF0				  BIT	      8D
TF1				  BIT	      8F
TH0				  DATA	      8C
TH1				  DATA	      8D
TI				  BIT	      99
TIMER0				  CODE	    000B
TIMER1				  CODE	    001B
TL0				  DATA	      8A
TL1				  DATA	      8B
TMOD				  DATA	      89
TR0				  BIT	      8C
TR1				  BIT	      8E
TXD				  BIT	      B1
WR				  BIT	      B6
